<?xml version="1.0" encoding="UTF-8"?>
<testng-results ignored="0" total="1" passed="1" failed="0" skipped="0">
  <reporter-output>
  </reporter-output>
  <suite started-at="2024-08-26T08:37:33 PDT" name="Default suite" finished-at="2024-08-26T08:37:39 PDT" duration-ms="5981">
    <groups>
    </groups>
    <test started-at="2024-08-26T08:37:33 PDT" name="Default test" finished-at="2024-08-26T08:37:39 PDT" duration-ms="5981">
      <class name="mtv22.CaseStudy4">
        <test-method signature="screenshot()[pri:0, instance:mtv22.CaseStudy4@4310d43]" started-at="2024-08-26T08:37:33 PDT" name="screenshot" finished-at="2024-08-26T08:37:39 PDT" duration-ms="5893" status="PASS">
          <reporter-output>
          </reporter-output>
        </test-method> <!-- screenshot -->
      </class> <!-- mtv22.CaseStudy4 -->
    </test> <!-- Default test -->
  </suite> <!-- Default suite -->
</testng-results>
